<?xml version="1.0" encoding="UTF-8"?>
<!-- Generated by org.testng.reporters.JUnitReportReporter -->
<testsuite hostname="ADMIN-VAIO" name="TestSuite1.TestScenario2" tests="1" failures="0" timestamp="11 Mar 2019 06:37:28 GMT" time="0.001" errors="0">
  <testcase name="Testscenario2" time="0.001" classname="TestSuite1.TestScenario2"/>
</testsuite> <!-- TestSuite1.TestScenario2 -->
