<?xml version="1.0" encoding="UTF-8"?>
<!-- Generated by org.testng.reporters.JUnitReportReporter -->
<testsuite hostname="ADMIN-VAIO" name="TestScenario2" tests="1" failures="0" timestamp="8 Mar 2019 06:31:27 GMT" time="0.001" errors="0">
  <testcase name="Testscenario2" time="0.001" classname="TestScenario2"/>
</testsuite> <!-- TestScenario2 -->
